<?xml version="1.0" encoding="UTF-8"?>
<!-- Generated by org.testng.reporters.JUnitXMLReporter -->
<testsuite ignored="0" hostname="LAPTOP-MSMG7D8C" failures="1" tests="4" name="Test" time="7.651" errors="0" timestamp="2021-02-28T16:22:25 IST">
  <testcase classname="Projects.validateRadioButtons" name="checkRadioButtonText" time="2.537"/>
  <testcase classname="Projects.validateRadioButtons" name="validateRadio1" time="0.083"/>
  <testcase classname="Projects.validateRadioButtons" name="validateRadio2" time="0.094"/>
  <testcase classname="Projects.validateRadioButtons" name="validateRadio3" time="0.067">
    <failure type="java.lang.AssertionError" message="expected [true] but found [false]">
      <![CDATA[java.lang.AssertionError: expected [true] but found [false]
at Projects.validateRadioButtons.validateRadio3(validateRadioButtons.java:73)
at java.base/java.util.ArrayList.forEach(ArrayList.java:1511)
... Removed 31 stack frames]]>
    </failure>
  </testcase> <!-- validateRadio3 -->
</testsuite> <!-- Test -->
