<?xml version="1.0" encoding="UTF-8"?>
<testng-results ignored="0" total="4" passed="3" failed="1" skipped="0">
  <reporter-output>
  </reporter-output>
  <suite started-at="2021-02-28T16:22:18 IST" name="Suite" finished-at="2021-02-28T16:22:25 IST" duration-ms="7651">
    <groups>
    </groups>
    <test started-at="2021-02-28T16:22:18 IST" name="Test" finished-at="2021-02-28T16:22:25 IST" duration-ms="7651">
      <class name="Projects.validateRadioButtons">
        <test-method is-config="true" signature="startup()[pri:0, instance:Projects.validateRadioButtons@45905bff]" started-at="2021-02-28T16:22:18 IST" name="startup" finished-at="2021-02-28T16:22:22 IST" duration-ms="4427" status="PASS">
          <reporter-output>
          </reporter-output>
        </test-method> <!-- startup -->
        <test-method signature="checkRadioButtonText()[pri:0, instance:Projects.validateRadioButtons@45905bff]" started-at="2021-02-28T16:22:22 IST" name="checkRadioButtonText" finished-at="2021-02-28T16:22:25 IST" duration-ms="2537" status="PASS">
          <reporter-output>
          </reporter-output>
        </test-method> <!-- checkRadioButtonText -->
        <test-method signature="validateRadio1()[pri:0, instance:Projects.validateRadioButtons@45905bff]" started-at="2021-02-28T16:22:25 IST" name="validateRadio1" finished-at="2021-02-28T16:22:25 IST" duration-ms="83" status="PASS">
          <reporter-output>
          </reporter-output>
        </test-method> <!-- validateRadio1 -->
        <test-method signature="validateRadio2()[pri:0, instance:Projects.validateRadioButtons@45905bff]" started-at="2021-02-28T16:22:25 IST" name="validateRadio2" finished-at="2021-02-28T16:22:25 IST" duration-ms="94" status="PASS">
          <reporter-output>
          </reporter-output>
        </test-method> <!-- validateRadio2 -->
        <test-method signature="validateRadio3()[pri:0, instance:Projects.validateRadioButtons@45905bff]" started-at="2021-02-28T16:22:25 IST" name="validateRadio3" finished-at="2021-02-28T16:22:25 IST" duration-ms="67" status="FAIL">
          <exception class="java.lang.AssertionError">
            <message>
              <![CDATA[expected [true] but found [false]]]>
            </message>
            <full-stacktrace>
              <![CDATA[java.lang.AssertionError: expected [true] but found [false]
at org.testng.Assert.fail(Assert.java:99)
at org.testng.Assert.failNotEquals(Assert.java:1037)
at org.testng.Assert.assertTrue(Assert.java:45)
at org.testng.Assert.assertTrue(Assert.java:55)
at Projects.validateRadioButtons.validateRadio3(validateRadioButtons.java:73)
at java.base/jdk.internal.reflect.NativeMethodAccessorImpl.invoke0(Native Method)
at java.base/jdk.internal.reflect.NativeMethodAccessorImpl.invoke(NativeMethodAccessorImpl.java:62)
at java.base/jdk.internal.reflect.DelegatingMethodAccessorImpl.invoke(DelegatingMethodAccessorImpl.java:43)
at java.base/java.lang.reflect.Method.invoke(Method.java:564)
at org.testng.internal.MethodInvocationHelper.invokeMethod(MethodInvocationHelper.java:132)
at org.testng.internal.TestInvoker.invokeMethod(TestInvoker.java:599)
at org.testng.internal.TestInvoker.invokeTestMethod(TestInvoker.java:174)
at org.testng.internal.MethodRunner.runInSequence(MethodRunner.java:46)
at org.testng.internal.TestInvoker$MethodInvocationAgent.invoke(TestInvoker.java:822)
at org.testng.internal.TestInvoker.invokeTestMethods(TestInvoker.java:147)
at org.testng.internal.TestMethodWorker.invokeTestMethods(TestMethodWorker.java:146)
at org.testng.internal.TestMethodWorker.run(TestMethodWorker.java:128)
at java.base/java.util.ArrayList.forEach(ArrayList.java:1511)
at org.testng.TestRunner.privateRun(TestRunner.java:764)
at org.testng.TestRunner.run(TestRunner.java:585)
at org.testng.SuiteRunner.runTest(SuiteRunner.java:384)
at org.testng.SuiteRunner.runSequentially(SuiteRunner.java:378)
at org.testng.SuiteRunner.privateRun(SuiteRunner.java:337)
at org.testng.SuiteRunner.run(SuiteRunner.java:286)
at org.testng.SuiteRunnerWorker.runSuite(SuiteRunnerWorker.java:53)
at org.testng.SuiteRunnerWorker.run(SuiteRunnerWorker.java:96)
at org.testng.TestNG.runSuitesSequentially(TestNG.java:1218)
at org.testng.TestNG.runSuitesLocally(TestNG.java:1140)
at org.testng.TestNG.runSuites(TestNG.java:1069)
at org.testng.TestNG.run(TestNG.java:1037)
at org.testng.remote.AbstractRemoteTestNG.run(AbstractRemoteTestNG.java:115)
at org.testng.remote.RemoteTestNG.initAndRun(RemoteTestNG.java:251)
at org.testng.remote.RemoteTestNG.main(RemoteTestNG.java:77)
]]>
            </full-stacktrace>
          </exception> <!-- java.lang.AssertionError -->
          <reporter-output>
          </reporter-output>
        </test-method> <!-- validateRadio3 -->
      </class> <!-- Projects.validateRadioButtons -->
    </test> <!-- Test -->
  </suite> <!-- Suite -->
</testng-results>
